2015-09-28 10:24:55,550 WARN  [cb-io-1-1] com.couchbase.client.core.endpoint.Endpoint: [null][KeyValueEndpoint]: Could not connect to endpoint, retrying with delay 32 MILLISECONDS: 
java.net.ConnectException: Connection refused: localhost/127.0.0.1:11210
	at sun.nio.ch.SocketChannelImpl.checkConnect(Native Method)
	at sun.nio.ch.SocketChannelImpl.finishConnect(SocketChannelImpl.java:717)
	at com.couchbase.client.deps.io.netty.channel.socket.nio.NioSocketChannel.doFinishConnect(NioSocketChannel.java:208)
	at com.couchbase.client.deps.io.netty.channel.nio.AbstractNioChannel$AbstractNioUnsafe.finishConnect(AbstractNioChannel.java:281)
	at com.couchbase.client.deps.io.netty.channel.nio.NioEventLoop.processSelectedKey(NioEventLoop.java:528)
	at com.couchbase.client.deps.io.netty.channel.nio.NioEventLoop.processSelectedKeysOptimized(NioEventLoop.java:468)
	at com.couchbase.client.deps.io.netty.channel.nio.NioEventLoop.processSelectedKeys(NioEventLoop.java:382)
	at com.couchbase.client.deps.io.netty.channel.nio.NioEventLoop.run(NioEventLoop.java:354)
	at com.couchbase.client.deps.io.netty.util.concurrent.SingleThreadEventExecutor$2.run(SingleThreadEventExecutor.java:116)
	at com.couchbase.client.deps.io.netty.util.concurrent.DefaultThreadFactory$DefaultRunnableDecorator.run(DefaultThreadFactory.java:137)
	at java.lang.Thread.run(Thread.java:745)
2015-09-28 10:24:55,588 WARN  [cb-io-1-2] com.couchbase.client.core.endpoint.Endpoint: [null][KeyValueEndpoint]: Could not connect to endpoint, retrying with delay 32 MILLISECONDS: 
java.net.ConnectException: Connection refused: localhost/127.0.0.1:11210
	at sun.nio.ch.SocketChannelImpl.checkConnect(Native Method)
	at sun.nio.ch.SocketChannelImpl.finishConnect(SocketChannelImpl.java:717)
	at com.couchbase.client.deps.io.netty.channel.socket.nio.NioSocketChannel.doFinishConnect(NioSocketChannel.java:208)
	at com.couchbase.client.deps.io.netty.channel.nio.AbstractNioChannel$AbstractNioUnsafe.finishConnect(AbstractNioChannel.java:281)
	at com.couchbase.client.deps.io.netty.channel.nio.NioEventLoop.processSelectedKey(NioEventLoop.java:528)
	at com.couchbase.client.deps.io.netty.channel.nio.NioEventLoop.processSelectedKeysOptimized(NioEventLoop.java:468)
	at com.couchbase.client.deps.io.netty.channel.nio.NioEventLoop.processSelectedKeys(NioEventLoop.java:382)
	at com.couchbase.client.deps.io.netty.channel.nio.NioEventLoop.run(NioEventLoop.java:354)
	at com.couchbase.client.deps.io.netty.util.concurrent.SingleThreadEventExecutor$2.run(SingleThreadEventExecutor.java:116)
	at com.couchbase.client.deps.io.netty.util.concurrent.DefaultThreadFactory$DefaultRunnableDecorator.run(DefaultThreadFactory.java:137)
	at java.lang.Thread.run(Thread.java:745)
2015-09-28 10:24:55,623 WARN  [cb-io-1-3] com.couchbase.client.core.endpoint.Endpoint: [null][KeyValueEndpoint]: Could not connect to endpoint, retrying with delay 32 MILLISECONDS: 
java.net.ConnectException: Connection refused: localhost/127.0.0.1:11210
	at sun.nio.ch.SocketChannelImpl.checkConnect(Native Method)
	at sun.nio.ch.SocketChannelImpl.finishConnect(SocketChannelImpl.java:717)
	at com.couchbase.client.deps.io.netty.channel.socket.nio.NioSocketChannel.doFinishConnect(NioSocketChannel.java:208)
	at com.couchbase.client.deps.io.netty.channel.nio.AbstractNioChannel$AbstractNioUnsafe.finishConnect(AbstractNioChannel.java:281)
	at com.couchbase.client.deps.io.netty.channel.nio.NioEventLoop.processSelectedKey(NioEventLoop.java:528)
	at com.couchbase.client.deps.io.netty.channel.nio.NioEventLoop.processSelectedKeysOptimized(NioEventLoop.java:468)
	at com.couchbase.client.deps.io.netty.channel.nio.NioEventLoop.processSelectedKeys(NioEventLoop.java:382)
	at com.couchbase.client.deps.io.netty.channel.nio.NioEventLoop.run(NioEventLoop.java:354)
	at com.couchbase.client.deps.io.netty.util.concurrent.SingleThreadEventExecutor$2.run(SingleThreadEventExecutor.java:116)
	at com.couchbase.client.deps.io.netty.util.concurrent.DefaultThreadFactory$DefaultRunnableDecorator.run(DefaultThreadFactory.java:137)
	at java.lang.Thread.run(Thread.java:745)
2015-09-28 10:24:55,657 WARN  [cb-io-1-4] com.couchbase.client.core.endpoint.Endpoint: [null][KeyValueEndpoint]: Could not connect to endpoint, retrying with delay 32 MILLISECONDS: 
java.net.ConnectException: Connection refused: localhost/127.0.0.1:11210
	at sun.nio.ch.SocketChannelImpl.checkConnect(Native Method)
	at sun.nio.ch.SocketChannelImpl.finishConnect(SocketChannelImpl.java:717)
	at com.couchbase.client.deps.io.netty.channel.socket.nio.NioSocketChannel.doFinishConnect(NioSocketChannel.java:208)
	at com.couchbase.client.deps.io.netty.channel.nio.AbstractNioChannel$AbstractNioUnsafe.finishConnect(AbstractNioChannel.java:281)
	at com.couchbase.client.deps.io.netty.channel.nio.NioEventLoop.processSelectedKey(NioEventLoop.java:528)
	at com.couchbase.client.deps.io.netty.channel.nio.NioEventLoop.processSelectedKeysOptimized(NioEventLoop.java:468)
	at com.couchbase.client.deps.io.netty.channel.nio.NioEventLoop.processSelectedKeys(NioEventLoop.java:382)
	at com.couchbase.client.deps.io.netty.channel.nio.NioEventLoop.run(NioEventLoop.java:354)
	at com.couchbase.client.deps.io.netty.util.concurrent.SingleThreadEventExecutor$2.run(SingleThreadEventExecutor.java:116)
	at com.couchbase.client.deps.io.netty.util.concurrent.DefaultThreadFactory$DefaultRunnableDecorator.run(DefaultThreadFactory.java:137)
	at java.lang.Thread.run(Thread.java:745)
2015-09-28 10:24:55,692 WARN  [cb-io-1-5] com.couchbase.client.core.endpoint.Endpoint: [null][KeyValueEndpoint]: Could not connect to endpoint, retrying with delay 32 MILLISECONDS: 
java.net.ConnectException: Connection refused: localhost/127.0.0.1:11210
	at sun.nio.ch.SocketChannelImpl.checkConnect(Native Method)
	at sun.nio.ch.SocketChannelImpl.finishConnect(SocketChannelImpl.java:717)
	at com.couchbase.client.deps.io.netty.channel.socket.nio.NioSocketChannel.doFinishConnect(NioSocketChannel.java:208)
	at com.couchbase.client.deps.io.netty.channel.nio.AbstractNioChannel$AbstractNioUnsafe.finishConnect(AbstractNioChannel.java:281)
	at com.couchbase.client.deps.io.netty.channel.nio.NioEventLoop.processSelectedKey(NioEventLoop.java:528)
	at com.couchbase.client.deps.io.netty.channel.nio.NioEventLoop.processSelectedKeysOptimized(NioEventLoop.java:468)
	at com.couchbase.client.deps.io.netty.channel.nio.NioEventLoop.processSelectedKeys(NioEventLoop.java:382)
	at com.couchbase.client.deps.io.netty.channel.nio.NioEventLoop.run(NioEventLoop.java:354)
	at com.couchbase.client.deps.io.netty.util.concurrent.SingleThreadEventExecutor$2.run(SingleThreadEventExecutor.java:116)
	at com.couchbase.client.deps.io.netty.util.concurrent.DefaultThreadFactory$DefaultRunnableDecorator.run(DefaultThreadFactory.java:137)
	at java.lang.Thread.run(Thread.java:745)
2015-09-28 10:24:55,727 WARN  [cb-io-1-6] com.couchbase.client.core.endpoint.Endpoint: [null][KeyValueEndpoint]: Could not connect to endpoint, retrying with delay 32 MILLISECONDS: 
java.net.ConnectException: Connection refused: localhost/127.0.0.1:11210
	at sun.nio.ch.SocketChannelImpl.checkConnect(Native Method)
	at sun.nio.ch.SocketChannelImpl.finishConnect(SocketChannelImpl.java:717)
	at com.couchbase.client.deps.io.netty.channel.socket.nio.NioSocketChannel.doFinishConnect(NioSocketChannel.java:208)
	at com.couchbase.client.deps.io.netty.channel.nio.AbstractNioChannel$AbstractNioUnsafe.finishConnect(AbstractNioChannel.java:281)
	at com.couchbase.client.deps.io.netty.channel.nio.NioEventLoop.processSelectedKey(NioEventLoop.java:528)
	at com.couchbase.client.deps.io.netty.channel.nio.NioEventLoop.processSelectedKeysOptimized(NioEventLoop.java:468)
	at com.couchbase.client.deps.io.netty.channel.nio.NioEventLoop.processSelectedKeys(NioEventLoop.java:382)
	at com.couchbase.client.deps.io.netty.channel.nio.NioEventLoop.run(NioEventLoop.java:354)
	at com.couchbase.client.deps.io.netty.util.concurrent.SingleThreadEventExecutor$2.run(SingleThreadEventExecutor.java:116)
	at com.couchbase.client.deps.io.netty.util.concurrent.DefaultThreadFactory$DefaultRunnableDecorator.run(DefaultThreadFactory.java:137)
	at java.lang.Thread.run(Thread.java:745)
2015-09-28 10:24:55,761 WARN  [cb-io-1-7] com.couchbase.client.core.endpoint.Endpoint: [null][KeyValueEndpoint]: Could not connect to endpoint, retrying with delay 64 MILLISECONDS: 
java.net.ConnectException: Connection refused: localhost/127.0.0.1:11210
	at sun.nio.ch.SocketChannelImpl.checkConnect(Native Method)
	at sun.nio.ch.SocketChannelImpl.finishConnect(SocketChannelImpl.java:717)
	at com.couchbase.client.deps.io.netty.channel.socket.nio.NioSocketChannel.doFinishConnect(NioSocketChannel.java:208)
	at com.couchbase.client.deps.io.netty.channel.nio.AbstractNioChannel$AbstractNioUnsafe.finishConnect(AbstractNioChannel.java:281)
	at com.couchbase.client.deps.io.netty.channel.nio.NioEventLoop.processSelectedKey(NioEventLoop.java:528)
	at com.couchbase.client.deps.io.netty.channel.nio.NioEventLoop.processSelectedKeysOptimized(NioEventLoop.java:468)
	at com.couchbase.client.deps.io.netty.channel.nio.NioEventLoop.processSelectedKeys(NioEventLoop.java:382)
	at com.couchbase.client.deps.io.netty.channel.nio.NioEventLoop.run(NioEventLoop.java:354)
	at com.couchbase.client.deps.io.netty.util.concurrent.SingleThreadEventExecutor$2.run(SingleThreadEventExecutor.java:116)
	at com.couchbase.client.deps.io.netty.util.concurrent.DefaultThreadFactory$DefaultRunnableDecorator.run(DefaultThreadFactory.java:137)
	at java.lang.Thread.run(Thread.java:745)
2015-09-28 10:24:55,828 WARN  [cb-io-1-8] com.couchbase.client.core.endpoint.Endpoint: [null][KeyValueEndpoint]: Could not connect to endpoint, retrying with delay 128 MILLISECONDS: 
java.net.ConnectException: Connection refused: localhost/127.0.0.1:11210
	at sun.nio.ch.SocketChannelImpl.checkConnect(Native Method)
	at sun.nio.ch.SocketChannelImpl.finishConnect(SocketChannelImpl.java:717)
	at com.couchbase.client.deps.io.netty.channel.socket.nio.NioSocketChannel.doFinishConnect(NioSocketChannel.java:208)
	at com.couchbase.client.deps.io.netty.channel.nio.AbstractNioChannel$AbstractNioUnsafe.finishConnect(AbstractNioChannel.java:281)
	at com.couchbase.client.deps.io.netty.channel.nio.NioEventLoop.processSelectedKey(NioEventLoop.java:528)
	at com.couchbase.client.deps.io.netty.channel.nio.NioEventLoop.processSelectedKeysOptimized(NioEventLoop.java:468)
	at com.couchbase.client.deps.io.netty.channel.nio.NioEventLoop.processSelectedKeys(NioEventLoop.java:382)
	at com.couchbase.client.deps.io.netty.channel.nio.NioEventLoop.run(NioEventLoop.java:354)
	at com.couchbase.client.deps.io.netty.util.concurrent.SingleThreadEventExecutor$2.run(SingleThreadEventExecutor.java:116)
	at com.couchbase.client.deps.io.netty.util.concurrent.DefaultThreadFactory$DefaultRunnableDecorator.run(DefaultThreadFactory.java:137)
	at java.lang.Thread.run(Thread.java:745)
2015-09-28 10:24:55,958 WARN  [cb-io-1-1] com.couchbase.client.core.endpoint.Endpoint: [null][KeyValueEndpoint]: Could not connect to endpoint, retrying with delay 256 MILLISECONDS: 
java.net.ConnectException: Connection refused: localhost/127.0.0.1:11210
	at sun.nio.ch.SocketChannelImpl.checkConnect(Native Method)
	at sun.nio.ch.SocketChannelImpl.finishConnect(SocketChannelImpl.java:717)
	at com.couchbase.client.deps.io.netty.channel.socket.nio.NioSocketChannel.doFinishConnect(NioSocketChannel.java:208)
	at com.couchbase.client.deps.io.netty.channel.nio.AbstractNioChannel$AbstractNioUnsafe.finishConnect(AbstractNioChannel.java:281)
	at com.couchbase.client.deps.io.netty.channel.nio.NioEventLoop.processSelectedKey(NioEventLoop.java:528)
	at com.couchbase.client.deps.io.netty.channel.nio.NioEventLoop.processSelectedKeysOptimized(NioEventLoop.java:468)
	at com.couchbase.client.deps.io.netty.channel.nio.NioEventLoop.processSelectedKeys(NioEventLoop.java:382)
	at com.couchbase.client.deps.io.netty.channel.nio.NioEventLoop.run(NioEventLoop.java:354)
	at com.couchbase.client.deps.io.netty.util.concurrent.SingleThreadEventExecutor$2.run(SingleThreadEventExecutor.java:116)
	at com.couchbase.client.deps.io.netty.util.concurrent.DefaultThreadFactory$DefaultRunnableDecorator.run(DefaultThreadFactory.java:137)
	at java.lang.Thread.run(Thread.java:745)
2015-09-28 10:24:56,215 WARN  [cb-io-1-2] com.couchbase.client.core.endpoint.Endpoint: [null][KeyValueEndpoint]: Could not connect to endpoint, retrying with delay 512 MILLISECONDS: 
java.net.ConnectException: Connection refused: localhost/127.0.0.1:11210
	at sun.nio.ch.SocketChannelImpl.checkConnect(Native Method)
	at sun.nio.ch.SocketChannelImpl.finishConnect(SocketChannelImpl.java:717)
	at com.couchbase.client.deps.io.netty.channel.socket.nio.NioSocketChannel.doFinishConnect(NioSocketChannel.java:208)
	at com.couchbase.client.deps.io.netty.channel.nio.AbstractNioChannel$AbstractNioUnsafe.finishConnect(AbstractNioChannel.java:281)
	at com.couchbase.client.deps.io.netty.channel.nio.NioEventLoop.processSelectedKey(NioEventLoop.java:528)
	at com.couchbase.client.deps.io.netty.channel.nio.NioEventLoop.processSelectedKeysOptimized(NioEventLoop.java:468)
	at com.couchbase.client.deps.io.netty.channel.nio.NioEventLoop.processSelectedKeys(NioEventLoop.java:382)
	at com.couchbase.client.deps.io.netty.channel.nio.NioEventLoop.run(NioEventLoop.java:354)
	at com.couchbase.client.deps.io.netty.util.concurrent.SingleThreadEventExecutor$2.run(SingleThreadEventExecutor.java:116)
	at com.couchbase.client.deps.io.netty.util.concurrent.DefaultThreadFactory$DefaultRunnableDecorator.run(DefaultThreadFactory.java:137)
	at java.lang.Thread.run(Thread.java:745)
2015-09-28 10:24:56,731 WARN  [cb-io-1-3] com.couchbase.client.core.endpoint.Endpoint: [null][KeyValueEndpoint]: Could not connect to endpoint, retrying with delay 1024 MILLISECONDS: 
java.net.ConnectException: Connection refused: localhost/127.0.0.1:11210
	at sun.nio.ch.SocketChannelImpl.checkConnect(Native Method)
	at sun.nio.ch.SocketChannelImpl.finishConnect(SocketChannelImpl.java:717)
	at com.couchbase.client.deps.io.netty.channel.socket.nio.NioSocketChannel.doFinishConnect(NioSocketChannel.java:208)
	at com.couchbase.client.deps.io.netty.channel.nio.AbstractNioChannel$AbstractNioUnsafe.finishConnect(AbstractNioChannel.java:281)
	at com.couchbase.client.deps.io.netty.channel.nio.NioEventLoop.processSelectedKey(NioEventLoop.java:528)
	at com.couchbase.client.deps.io.netty.channel.nio.NioEventLoop.processSelectedKeysOptimized(NioEventLoop.java:468)
	at com.couchbase.client.deps.io.netty.channel.nio.NioEventLoop.processSelectedKeys(NioEventLoop.java:382)
	at com.couchbase.client.deps.io.netty.channel.nio.NioEventLoop.run(NioEventLoop.java:354)
	at com.couchbase.client.deps.io.netty.util.concurrent.SingleThreadEventExecutor$2.run(SingleThreadEventExecutor.java:116)
	at com.couchbase.client.deps.io.netty.util.concurrent.DefaultThreadFactory$DefaultRunnableDecorator.run(DefaultThreadFactory.java:137)
	at java.lang.Thread.run(Thread.java:745)
2015-09-28 10:24:57,758 WARN  [cb-io-1-4] com.couchbase.client.core.endpoint.Endpoint: [null][KeyValueEndpoint]: Could not connect to endpoint, retrying with delay 2048 MILLISECONDS: 
java.net.ConnectException: Connection refused: localhost/127.0.0.1:11210
	at sun.nio.ch.SocketChannelImpl.checkConnect(Native Method)
	at sun.nio.ch.SocketChannelImpl.finishConnect(SocketChannelImpl.java:717)
	at com.couchbase.client.deps.io.netty.channel.socket.nio.NioSocketChannel.doFinishConnect(NioSocketChannel.java:208)
	at com.couchbase.client.deps.io.netty.channel.nio.AbstractNioChannel$AbstractNioUnsafe.finishConnect(AbstractNioChannel.java:281)
	at com.couchbase.client.deps.io.netty.channel.nio.NioEventLoop.processSelectedKey(NioEventLoop.java:528)
	at com.couchbase.client.deps.io.netty.channel.nio.NioEventLoop.processSelectedKeysOptimized(NioEventLoop.java:468)
	at com.couchbase.client.deps.io.netty.channel.nio.NioEventLoop.processSelectedKeys(NioEventLoop.java:382)
	at com.couchbase.client.deps.io.netty.channel.nio.NioEventLoop.run(NioEventLoop.java:354)
	at com.couchbase.client.deps.io.netty.util.concurrent.SingleThreadEventExecutor$2.run(SingleThreadEventExecutor.java:116)
	at com.couchbase.client.deps.io.netty.util.concurrent.DefaultThreadFactory$DefaultRunnableDecorator.run(DefaultThreadFactory.java:137)
	at java.lang.Thread.run(Thread.java:745)
2015-09-28 10:24:59,808 WARN  [cb-io-1-5] com.couchbase.client.core.endpoint.Endpoint: [null][KeyValueEndpoint]: Could not connect to endpoint, retrying with delay 4096 MILLISECONDS: 
java.net.ConnectException: Connection refused: localhost/127.0.0.1:11210
	at sun.nio.ch.SocketChannelImpl.checkConnect(Native Method)
	at sun.nio.ch.SocketChannelImpl.finishConnect(SocketChannelImpl.java:717)
	at com.couchbase.client.deps.io.netty.channel.socket.nio.NioSocketChannel.doFinishConnect(NioSocketChannel.java:208)
	at com.couchbase.client.deps.io.netty.channel.nio.AbstractNioChannel$AbstractNioUnsafe.finishConnect(AbstractNioChannel.java:281)
	at com.couchbase.client.deps.io.netty.channel.nio.NioEventLoop.processSelectedKey(NioEventLoop.java:528)
	at com.couchbase.client.deps.io.netty.channel.nio.NioEventLoop.processSelectedKeysOptimized(NioEventLoop.java:468)
	at com.couchbase.client.deps.io.netty.channel.nio.NioEventLoop.processSelectedKeys(NioEventLoop.java:382)
	at com.couchbase.client.deps.io.netty.channel.nio.NioEventLoop.run(NioEventLoop.java:354)
	at com.couchbase.client.deps.io.netty.util.concurrent.SingleThreadEventExecutor$2.run(SingleThreadEventExecutor.java:116)
	at com.couchbase.client.deps.io.netty.util.concurrent.DefaultThreadFactory$DefaultRunnableDecorator.run(DefaultThreadFactory.java:137)
	at java.lang.Thread.run(Thread.java:745)
2015-09-28 12:59:21,774 WARN  [main] com.couchbase.client.core.env.CoreEnvironment: More than 1 Couchbase Environments found (2), this can have severe impact on performance and stability. Reuse environments!
2015-09-28 13:01:11,264 WARN  [main] com.couchbase.client.core.env.CoreEnvironment: More than 1 Couchbase Environments found (2), this can have severe impact on performance and stability. Reuse environments!
2015-09-28 13:09:14,766 WARN  [main] com.couchbase.client.core.env.CoreEnvironment: More than 1 Couchbase Environments found (2), this can have severe impact on performance and stability. Reuse environments!
2015-09-28 13:10:26,624 WARN  [main] com.couchbase.client.core.env.CoreEnvironment: More than 1 Couchbase Environments found (2), this can have severe impact on performance and stability. Reuse environments!
2015-09-28 13:12:03,009 WARN  [main] com.couchbase.client.core.env.CoreEnvironment: More than 1 Couchbase Environments found (2), this can have severe impact on performance and stability. Reuse environments!
2015-09-28 13:12:38,629 WARN  [main] com.couchbase.client.core.env.CoreEnvironment: More than 1 Couchbase Environments found (2), this can have severe impact on performance and stability. Reuse environments!
2015-09-28 13:13:23,082 WARN  [main] com.couchbase.client.core.env.CoreEnvironment: More than 1 Couchbase Environments found (2), this can have severe impact on performance and stability. Reuse environments!
2015-09-28 13:15:07,018 WARN  [main] com.couchbase.client.core.env.CoreEnvironment: More than 1 Couchbase Environments found (2), this can have severe impact on performance and stability. Reuse environments!
2015-09-28 15:03:10,635 WARN  [main] com.couchbase.client.core.env.CoreEnvironment: More than 1 Couchbase Environments found (2), this can have severe impact on performance and stability. Reuse environments!
2015-09-28 16:10:58,037 WARN  [main] com.couchbase.client.core.env.CoreEnvironment: More than 1 Couchbase Environments found (2), this can have severe impact on performance and stability. Reuse environments!
2015-09-28 16:11:30,992 WARN  [main] com.couchbase.client.core.env.CoreEnvironment: More than 1 Couchbase Environments found (2), this can have severe impact on performance and stability. Reuse environments!
2015-09-28 16:11:48,581 WARN  [main] com.couchbase.client.core.env.CoreEnvironment: More than 1 Couchbase Environments found (2), this can have severe impact on performance and stability. Reuse environments!
2015-09-28 16:12:46,431 WARN  [main] com.couchbase.client.core.env.CoreEnvironment: More than 1 Couchbase Environments found (2), this can have severe impact on performance and stability. Reuse environments!
2015-09-28 16:13:14,750 WARN  [main] com.couchbase.client.core.env.CoreEnvironment: More than 1 Couchbase Environments found (2), this can have severe impact on performance and stability. Reuse environments!
2015-09-28 16:13:58,874 WARN  [main] com.couchbase.client.core.env.CoreEnvironment: More than 1 Couchbase Environments found (2), this can have severe impact on performance and stability. Reuse environments!
2015-10-01 16:57:18,979 WARN  [main] com.couchbase.client.core.env.CoreEnvironment: More than 1 Couchbase Environments found (2), this can have severe impact on performance and stability. Reuse environments!
2015-10-05 22:05:48,286 WARN  [main] com.couchbase.client.core.env.CoreEnvironment: More than 1 Couchbase Environments found (2), this can have severe impact on performance and stability. Reuse environments!
2015-10-05 22:06:14,263 WARN  [main] com.couchbase.client.core.env.CoreEnvironment: More than 1 Couchbase Environments found (2), this can have severe impact on performance and stability. Reuse environments!
2015-10-05 22:07:05,708 WARN  [main] com.couchbase.client.core.env.CoreEnvironment: More than 1 Couchbase Environments found (2), this can have severe impact on performance and stability. Reuse environments!
2015-10-05 22:07:32,835 WARN  [main] com.couchbase.client.core.env.CoreEnvironment: More than 1 Couchbase Environments found (2), this can have severe impact on performance and stability. Reuse environments!
2015-10-05 22:07:41,997 WARN  [main] com.couchbase.client.core.env.CoreEnvironment: More than 1 Couchbase Environments found (2), this can have severe impact on performance and stability. Reuse environments!
2015-10-05 22:32:21,508 WARN  [main] com.couchbase.client.core.env.CoreEnvironment: More than 1 Couchbase Environments found (2), this can have severe impact on performance and stability. Reuse environments!
2015-10-05 22:38:58,262 WARN  [main] com.couchbase.client.core.env.CoreEnvironment: More than 1 Couchbase Environments found (2), this can have severe impact on performance and stability. Reuse environments!
2015-10-05 22:39:58,950 WARN  [main] com.couchbase.client.core.env.CoreEnvironment: More than 1 Couchbase Environments found (2), this can have severe impact on performance and stability. Reuse environments!
2015-10-05 22:40:47,321 WARN  [main] com.couchbase.client.core.env.CoreEnvironment: More than 1 Couchbase Environments found (2), this can have severe impact on performance and stability. Reuse environments!
2015-10-05 22:40:49,566 WARN  [main] com.couchbase.client.core.env.CoreEnvironment: More than 1 Couchbase Environments found (3), this can have severe impact on performance and stability. Reuse environments!
2015-10-05 23:45:35,853 WARN  [main] com.couchbase.client.core.env.CoreEnvironment: More than 1 Couchbase Environments found (2), this can have severe impact on performance and stability. Reuse environments!
2015-10-05 23:45:38,166 WARN  [main] com.couchbase.client.core.env.CoreEnvironment: More than 1 Couchbase Environments found (3), this can have severe impact on performance and stability. Reuse environments!
2015-10-05 23:48:08,284 WARN  [main] com.couchbase.client.core.env.CoreEnvironment: More than 1 Couchbase Environments found (2), this can have severe impact on performance and stability. Reuse environments!
2015-10-05 23:48:10,691 WARN  [main] com.couchbase.client.core.env.CoreEnvironment: More than 1 Couchbase Environments found (3), this can have severe impact on performance and stability. Reuse environments!
2015-10-05 23:52:16,080 WARN  [main] com.couchbase.client.core.env.CoreEnvironment: More than 1 Couchbase Environments found (2), this can have severe impact on performance and stability. Reuse environments!
2015-10-05 23:52:18,383 WARN  [main] com.couchbase.client.core.env.CoreEnvironment: More than 1 Couchbase Environments found (3), this can have severe impact on performance and stability. Reuse environments!
2015-10-08 16:37:40,579 WARN  [cb-io-1-1] com.couchbase.client.core.endpoint.Endpoint: [null][KeyValueEndpoint]: Authentication Failure.
2015-10-08 16:37:40,633 WARN  [cb-io-1-2] com.couchbase.client.core.endpoint.ResponseStatusConverter: Unknown ResponseStatus with Protocol HTTP: 401
2015-10-08 16:37:40,644 WARN  [cb-io-1-3] com.couchbase.client.core.endpoint.ResponseStatusConverter: Unknown ResponseStatus with Protocol HTTP: 401
2015-10-08 16:39:01,078 WARN  [cb-io-1-1] com.couchbase.client.core.endpoint.Endpoint: [null][KeyValueEndpoint]: Authentication Failure.
2015-10-08 16:39:01,117 WARN  [cb-io-1-2] com.couchbase.client.core.endpoint.ResponseStatusConverter: Unknown ResponseStatus with Protocol HTTP: 401
2015-10-08 16:39:01,128 WARN  [cb-io-1-3] com.couchbase.client.core.endpoint.ResponseStatusConverter: Unknown ResponseStatus with Protocol HTTP: 401
